<?xml version="1.0" encoding="UTF-8"?>
<!-- Generated by org.testng.reporters.JUnitReportReporter -->
<testsuite hostname="LAPTOP-D4RH5SI9" failures="0" tests="1" name="SeleniumGrid.GridHub" time="13.080" errors="0" timestamp="2023-12-01T12:38:51 GMT+05:30" skipped="0">
  <testcase classname="SeleniumGrid.GridHub" name="demo" time="13.080"/>
  <system-out/>
</testsuite> <!-- SeleniumGrid.GridHub -->
